<?xml version="1.0" encoding="UTF-8"?>
<!-- Generated by org.testng.reporters.JUnitReportReporter -->
<testsuite hostname="urvi-VirtualBox" failures="0" tests="1" name="hello.Testhello" time="0.021" errors="0" timestamp="2021-02-17T11:25:07 IST" skipped="0">
  <testcase classname="hello.Testhello" name="testhello" time="0.021"/>
  <system-out/>
</testsuite> <!-- hello.Testhello -->
