<?xml version="1.0" encoding="UTF-8"?>
<!-- Generated by org.testng.reporters.JUnitReportReporter -->
<testsuite hostname="urvi-VirtualBox" failures="0" tests="1" name="hello.AppTest" time="0.037" errors="0" timestamp="2021-02-17T11:25:08 IST" skipped="0">
  <testcase classname="hello.AppTest" name="shouldAnswerWithTrue" time="0.037"/>
  <system-out/>
</testsuite> <!-- hello.AppTest -->
